2025-08-07 10:30:40 GMT [7]: [3-1] user=,db=,app=,client= LOG:  starting PostgreSQL 17.5 (Debian 17.5-1.pgdg120+1) on aarch64-unknown-linux-gnu, compiled by gcc (Debian 12.2.0-14) 12.2.0, 64-bit
2025-08-07 10:30:40 GMT [7]: [4-1] user=,db=,app=,client= LOG:  listening on IPv4 address "0.0.0.0", port 5432
2025-08-07 10:30:40 GMT [7]: [5-1] user=,db=,app=,client= LOG:  listening on IPv6 address "::", port 5432
2025-08-07 10:30:40 GMT [7]: [6-1] user=,db=,app=,client= LOG:  listening on Unix socket "/var/run/postgresql/.s.PGSQL.5432"
2025-08-07 10:30:40 GMT [12]: [1-1] user=,db=,app=,client= LOG:  database system was interrupted; last known up at 2025-08-07 10:26:30 GMT
2025-08-07 10:30:40 GMT [12]: [2-1] user=,db=,app=,client= LOG:  database system was not properly shut down; automatic recovery in progress
2025-08-07 10:30:40 GMT [12]: [3-1] user=,db=,app=,client= LOG:  redo starts at 0/4004690
2025-08-07 10:30:40 GMT [12]: [4-1] user=,db=,app=,client= LOG:  invalid record length at 0/4005268: expected at least 24, got 0
2025-08-07 10:30:40 GMT [12]: [5-1] user=,db=,app=,client= LOG:  redo done at 0/4005230 system usage: CPU: user: 0.00 s, system: 0.00 s, elapsed: 0.00 s
2025-08-07 10:30:40 GMT [10]: [1-1] user=,db=,app=,client= LOG:  checkpoint starting: end-of-recovery immediate wait
2025-08-07 10:30:40 GMT [10]: [2-1] user=,db=,app=,client= LOG:  checkpoint complete: wrote 4 buffers (0.0%); 0 WAL file(s) added, 0 removed, 0 recycled; write=0.002 s, sync=0.007 s, total=0.013 s; sync files=3, longest=0.005 s, average=0.003 s; distance=3 kB, estimate=3 kB; lsn=0/4005268, redo lsn=0/4005268
2025-08-07 10:30:40 GMT [7]: [7-1] user=,db=,app=,client= LOG:  database system is ready to accept connections
cp: cannot create regular file '/var/lib/postgresql/archive/000000010000000000000001': No such file or directory
2025-08-07 10:30:40 GMT [15]: [1-1] user=,db=,app=,client= LOG:  archive command failed with exit code 1
2025-08-07 10:30:40 GMT [15]: [2-1] user=,db=,app=,client= DETAIL:  The failed archive command was: test ! -f /var/lib/postgresql/archive/000000010000000000000001 && cp pg_wal/000000010000000000000001 /var/lib/postgresql/archive/000000010000000000000001
cp: cannot create regular file '/var/lib/postgresql/archive/000000010000000000000001': No such file or directory
2025-08-07 10:30:41 GMT [15]: [3-1] user=,db=,app=,client= LOG:  archive command failed with exit code 1
2025-08-07 10:30:41 GMT [15]: [4-1] user=,db=,app=,client= DETAIL:  The failed archive command was: test ! -f /var/lib/postgresql/archive/000000010000000000000001 && cp pg_wal/000000010000000000000001 /var/lib/postgresql/archive/000000010000000000000001
cp: cannot create regular file '/var/lib/postgresql/archive/000000010000000000000001': No such file or directory
2025-08-07 10:30:42 GMT [15]: [5-1] user=,db=,app=,client= LOG:  archive command failed with exit code 1
2025-08-07 10:30:42 GMT [15]: [6-1] user=,db=,app=,client= DETAIL:  The failed archive command was: test ! -f /var/lib/postgresql/archive/000000010000000000000001 && cp pg_wal/000000010000000000000001 /var/lib/postgresql/archive/000000010000000000000001
2025-08-07 10:30:42 GMT [15]: [7-1] user=,db=,app=,client= WARNING:  archiving write-ahead log file "000000010000000000000001" failed too many times, will try again later
2025-08-07 10:30:50 GMT [24]: [1-1] user=[unknown],db=[unknown],app=[unknown],client=[local] LOG:  connection received: host=[local]
2025-08-07 10:30:50 GMT [24]: [2-1] user=postgres,db=postgres,app=[unknown],client=[local] LOG:  connection authenticated: identity="postgres" method=peer (/var/lib/postgresql/data/pg_hba.conf:7)
2025-08-07 10:30:50 GMT [24]: [3-1] user=postgres,db=postgres,app=[unknown],client=[local] LOG:  connection authorized: user=postgres database=postgres application_name=psql
2025-08-07 10:30:50 GMT [24]: [4-1] user=postgres,db=postgres,app=psql,client=[local] ERROR:  database "testdb" already exists
2025-08-07 10:30:50 GMT [24]: [5-1] user=postgres,db=postgres,app=psql,client=[local] STATEMENT:  CREATE DATABASE testdb
2025-08-07 10:30:50 GMT [24]: [6-1] user=postgres,db=postgres,app=psql,client=[local] LOG:  disconnection: session time: 0:00:00.004 user=postgres database=postgres host=[local]
2025-08-07 10:30:50 GMT [26]: [1-1] user=[unknown],db=[unknown],app=[unknown],client=[local] LOG:  connection received: host=[local]
2025-08-07 10:30:50 GMT [26]: [2-1] user=postgres,db=postgres,app=[unknown],client=[local] LOG:  connection authenticated: identity="postgres" method=peer (/var/lib/postgresql/data/pg_hba.conf:7)
2025-08-07 10:30:50 GMT [26]: [3-1] user=postgres,db=postgres,app=[unknown],client=[local] LOG:  connection authorized: user=postgres database=postgres application_name=psql
2025-08-07 10:30:50 GMT [26]: [4-1] user=postgres,db=postgres,app=psql,client=[local] ERROR:  role "replicator" already exists
2025-08-07 10:30:50 GMT [26]: [5-1] user=postgres,db=postgres,app=psql,client=[local] STATEMENT:  CREATE USER replicator WITH REPLICATION LOGIN PASSWORD 'replicator'
2025-08-07 10:30:50 GMT [26]: [6-1] user=postgres,db=postgres,app=psql,client=[local] LOG:  disconnection: session time: 0:00:00.001 user=postgres database=postgres host=[local]
2025-08-07 10:30:50 GMT [28]: [1-1] user=[unknown],db=[unknown],app=[unknown],client=[local] LOG:  connection received: host=[local]
2025-08-07 10:30:50 GMT [28]: [2-1] user=postgres,db=postgres,app=[unknown],client=[local] LOG:  connection authenticated: identity="postgres" method=peer (/var/lib/postgresql/data/pg_hba.conf:7)
2025-08-07 10:30:50 GMT [28]: [3-1] user=postgres,db=postgres,app=[unknown],client=[local] LOG:  connection authorized: user=postgres database=postgres application_name=psql
2025-08-07 10:30:50 GMT [28]: [4-1] user=postgres,db=postgres,app=psql,client=[local] ERROR:  role "efm" already exists
2025-08-07 10:30:50 GMT [28]: [5-1] user=postgres,db=postgres,app=psql,client=[local] STATEMENT:  CREATE USER efm WITH LOGIN PASSWORD 'efm'
2025-08-07 10:30:50 GMT [28]: [6-1] user=postgres,db=postgres,app=psql,client=[local] LOG:  disconnection: session time: 0:00:00.000 user=postgres database=postgres host=[local]
2025-08-07 10:30:50 GMT [30]: [1-1] user=[unknown],db=[unknown],app=[unknown],client=[local] LOG:  connection received: host=[local]
2025-08-07 10:30:50 GMT [30]: [2-1] user=postgres,db=postgres,app=[unknown],client=[local] LOG:  connection authenticated: identity="postgres" method=peer (/var/lib/postgresql/data/pg_hba.conf:7)
2025-08-07 10:30:50 GMT [30]: [3-1] user=postgres,db=postgres,app=[unknown],client=[local] LOG:  connection authorized: user=postgres database=postgres application_name=psql
2025-08-07 10:30:50 GMT [30]: [4-1] user=postgres,db=postgres,app=psql,client=[local] LOG:  disconnection: session time: 0:00:00.006 user=postgres database=postgres host=[local]
2025-08-07 10:30:51 GMT [162]: [1-1] user=[unknown],db=[unknown],app=[unknown],client=172.20.0.10 LOG:  connection received: host=172.20.0.10 port=42036
2025-08-07 10:30:51 GMT [162]: [2-1] user=efm,db=postgres,app=[unknown],client=172.20.0.10 LOG:  connection authenticated: identity="efm" method=md5 (/var/lib/postgresql/data/pg_hba.conf:15)
2025-08-07 10:30:51 GMT [162]: [3-1] user=efm,db=postgres,app=[unknown],client=172.20.0.10 LOG:  connection authorized: user=efm database=postgres
2025-08-07 10:30:51 GMT [162]: [4-1] user=efm,db=postgres,app=efm-5.0,client=172.20.0.10 LOG:  disconnection: session time: 0:00:00.045 user=efm database=postgres host=172.20.0.10 port=42036
2025-08-07 10:31:10 GMT [186]: [1-1] user=[unknown],db=[unknown],app=[unknown],client=[local] LOG:  connection received: host=[local]
2025-08-07 10:31:10 GMT [186]: [2-1] user=postgres,db=postgres,app=[unknown],client=[local] LOG:  connection authenticated: identity="postgres" method=peer (/var/lib/postgresql/data/pg_hba.conf:7)
2025-08-07 10:31:10 GMT [186]: [3-1] user=postgres,db=postgres,app=[unknown],client=[local] LOG:  connection authorized: user=postgres database=postgres application_name=pg_isready
2025-08-07 10:31:10 GMT [186]: [4-1] user=postgres,db=postgres,app=pg_isready,client=[local] LOG:  disconnection: session time: 0:00:00.001 user=postgres database=postgres host=[local]
2025-08-07 10:31:40 GMT [195]: [1-1] user=[unknown],db=[unknown],app=[unknown],client=[local] LOG:  connection received: host=[local]
2025-08-07 10:31:40 GMT [195]: [2-1] user=postgres,db=postgres,app=[unknown],client=[local] LOG:  connection authenticated: identity="postgres" method=peer (/var/lib/postgresql/data/pg_hba.conf:7)
2025-08-07 10:31:40 GMT [195]: [3-1] user=postgres,db=postgres,app=[unknown],client=[local] LOG:  connection authorized: user=postgres database=postgres application_name=pg_isready
2025-08-07 10:31:40 GMT [195]: [4-1] user=postgres,db=postgres,app=pg_isready,client=[local] LOG:  disconnection: session time: 0:00:00.001 user=postgres database=postgres host=[local]
cp: cannot create regular file '/var/lib/postgresql/archive/000000010000000000000001': No such file or directory
2025-08-07 10:31:42 GMT [15]: [8-1] user=,db=,app=,client= LOG:  archive command failed with exit code 1
2025-08-07 10:31:42 GMT [15]: [9-1] user=,db=,app=,client= DETAIL:  The failed archive command was: test ! -f /var/lib/postgresql/archive/000000010000000000000001 && cp pg_wal/000000010000000000000001 /var/lib/postgresql/archive/000000010000000000000001
cp: cannot create regular file '/var/lib/postgresql/archive/000000010000000000000001': No such file or directory
2025-08-07 10:31:43 GMT [15]: [10-1] user=,db=,app=,client= LOG:  archive command failed with exit code 1
2025-08-07 10:31:43 GMT [15]: [11-1] user=,db=,app=,client= DETAIL:  The failed archive command was: test ! -f /var/lib/postgresql/archive/000000010000000000000001 && cp pg_wal/000000010000000000000001 /var/lib/postgresql/archive/000000010000000000000001
cp: cannot create regular file '/var/lib/postgresql/archive/000000010000000000000001': No such file or directory
2025-08-07 10:31:44 GMT [15]: [12-1] user=,db=,app=,client= LOG:  archive command failed with exit code 1
2025-08-07 10:31:44 GMT [15]: [13-1] user=,db=,app=,client= DETAIL:  The failed archive command was: test ! -f /var/lib/postgresql/archive/000000010000000000000001 && cp pg_wal/000000010000000000000001 /var/lib/postgresql/archive/000000010000000000000001
2025-08-07 10:31:44 GMT [15]: [14-1] user=,db=,app=,client= WARNING:  archiving write-ahead log file "000000010000000000000001" failed too many times, will try again later
2025-08-07 10:32:10 GMT [209]: [1-1] user=[unknown],db=[unknown],app=[unknown],client=[local] LOG:  connection received: host=[local]
2025-08-07 10:32:10 GMT [209]: [2-1] user=postgres,db=postgres,app=[unknown],client=[local] LOG:  connection authenticated: identity="postgres" method=peer (/var/lib/postgresql/data/pg_hba.conf:7)
2025-08-07 10:32:10 GMT [209]: [3-1] user=postgres,db=postgres,app=[unknown],client=[local] LOG:  connection authorized: user=postgres database=postgres application_name=pg_isready
2025-08-07 10:32:10 GMT [209]: [4-1] user=postgres,db=postgres,app=pg_isready,client=[local] LOG:  disconnection: session time: 0:00:00.001 user=postgres database=postgres host=[local]
2025-08-07 10:32:40 GMT [218]: [1-1] user=[unknown],db=[unknown],app=[unknown],client=[local] LOG:  connection received: host=[local]
2025-08-07 10:32:40 GMT [218]: [2-1] user=postgres,db=postgres,app=[unknown],client=[local] LOG:  connection authenticated: identity="postgres" method=peer (/var/lib/postgresql/data/pg_hba.conf:7)
2025-08-07 10:32:40 GMT [218]: [3-1] user=postgres,db=postgres,app=[unknown],client=[local] LOG:  connection authorized: user=postgres database=postgres application_name=pg_isready
2025-08-07 10:32:40 GMT [218]: [4-1] user=postgres,db=postgres,app=pg_isready,client=[local] LOG:  disconnection: session time: 0:00:00.000 user=postgres database=postgres host=[local]
cp: cannot create regular file '/var/lib/postgresql/archive/000000010000000000000001': No such file or directory
2025-08-07 10:32:44 GMT [15]: [15-1] user=,db=,app=,client= LOG:  archive command failed with exit code 1
2025-08-07 10:32:44 GMT [15]: [16-1] user=,db=,app=,client= DETAIL:  The failed archive command was: test ! -f /var/lib/postgresql/archive/000000010000000000000001 && cp pg_wal/000000010000000000000001 /var/lib/postgresql/archive/000000010000000000000001
cp: cannot create regular file '/var/lib/postgresql/archive/000000010000000000000001': No such file or directory
2025-08-07 10:32:45 GMT [15]: [17-1] user=,db=,app=,client= LOG:  archive command failed with exit code 1
2025-08-07 10:32:45 GMT [15]: [18-1] user=,db=,app=,client= DETAIL:  The failed archive command was: test ! -f /var/lib/postgresql/archive/000000010000000000000001 && cp pg_wal/000000010000000000000001 /var/lib/postgresql/archive/000000010000000000000001
cp: cannot create regular file '/var/lib/postgresql/archive/000000010000000000000001': No such file or directory
2025-08-07 10:32:46 GMT [15]: [19-1] user=,db=,app=,client= LOG:  archive command failed with exit code 1
2025-08-07 10:32:46 GMT [15]: [20-1] user=,db=,app=,client= DETAIL:  The failed archive command was: test ! -f /var/lib/postgresql/archive/000000010000000000000001 && cp pg_wal/000000010000000000000001 /var/lib/postgresql/archive/000000010000000000000001
2025-08-07 10:32:46 GMT [15]: [21-1] user=,db=,app=,client= WARNING:  archiving write-ahead log file "000000010000000000000001" failed too many times, will try again later
2025-08-07 10:33:10 GMT [232]: [1-1] user=[unknown],db=[unknown],app=[unknown],client=[local] LOG:  connection received: host=[local]
2025-08-07 10:33:10 GMT [232]: [2-1] user=postgres,db=postgres,app=[unknown],client=[local] LOG:  connection authenticated: identity="postgres" method=peer (/var/lib/postgresql/data/pg_hba.conf:7)
2025-08-07 10:33:10 GMT [232]: [3-1] user=postgres,db=postgres,app=[unknown],client=[local] LOG:  connection authorized: user=postgres database=postgres application_name=pg_isready
2025-08-07 10:33:10 GMT [232]: [4-1] user=postgres,db=postgres,app=pg_isready,client=[local] LOG:  disconnection: session time: 0:00:00.002 user=postgres database=postgres host=[local]
2025-08-07 10:33:40 GMT [241]: [1-1] user=[unknown],db=[unknown],app=[unknown],client=[local] LOG:  connection received: host=[local]
2025-08-07 10:33:40 GMT [241]: [2-1] user=postgres,db=postgres,app=[unknown],client=[local] LOG:  connection authenticated: identity="postgres" method=peer (/var/lib/postgresql/data/pg_hba.conf:7)
2025-08-07 10:33:40 GMT [241]: [3-1] user=postgres,db=postgres,app=[unknown],client=[local] LOG:  connection authorized: user=postgres database=postgres application_name=pg_isready
2025-08-07 10:33:40 GMT [241]: [4-1] user=postgres,db=postgres,app=pg_isready,client=[local] LOG:  disconnection: session time: 0:00:00.000 user=postgres database=postgres host=[local]
cp: cannot create regular file '/var/lib/postgresql/archive/000000010000000000000001': No such file or directory
2025-08-07 10:33:46 GMT [15]: [22-1] user=,db=,app=,client= LOG:  archive command failed with exit code 1
2025-08-07 10:33:46 GMT [15]: [23-1] user=,db=,app=,client= DETAIL:  The failed archive command was: test ! -f /var/lib/postgresql/archive/000000010000000000000001 && cp pg_wal/000000010000000000000001 /var/lib/postgresql/archive/000000010000000000000001
cp: cannot create regular file '/var/lib/postgresql/archive/000000010000000000000001': No such file or directory
2025-08-07 10:33:47 GMT [15]: [24-1] user=,db=,app=,client= LOG:  archive command failed with exit code 1
2025-08-07 10:33:47 GMT [15]: [25-1] user=,db=,app=,client= DETAIL:  The failed archive command was: test ! -f /var/lib/postgresql/archive/000000010000000000000001 && cp pg_wal/000000010000000000000001 /var/lib/postgresql/archive/000000010000000000000001
cp: cannot create regular file '/var/lib/postgresql/archive/000000010000000000000001': No such file or directory
2025-08-07 10:33:48 GMT [15]: [26-1] user=,db=,app=,client= LOG:  archive command failed with exit code 1
2025-08-07 10:33:48 GMT [15]: [27-1] user=,db=,app=,client= DETAIL:  The failed archive command was: test ! -f /var/lib/postgresql/archive/000000010000000000000001 && cp pg_wal/000000010000000000000001 /var/lib/postgresql/archive/000000010000000000000001
2025-08-07 10:33:48 GMT [15]: [28-1] user=,db=,app=,client= WARNING:  archiving write-ahead log file "000000010000000000000001" failed too many times, will try again later
2025-08-07 10:34:10 GMT [255]: [1-1] user=[unknown],db=[unknown],app=[unknown],client=[local] LOG:  connection received: host=[local]
2025-08-07 10:34:10 GMT [255]: [2-1] user=postgres,db=postgres,app=[unknown],client=[local] LOG:  connection authenticated: identity="postgres" method=peer (/var/lib/postgresql/data/pg_hba.conf:7)
2025-08-07 10:34:10 GMT [255]: [3-1] user=postgres,db=postgres,app=[unknown],client=[local] LOG:  connection authorized: user=postgres database=postgres application_name=pg_isready
2025-08-07 10:34:10 GMT [255]: [4-1] user=postgres,db=postgres,app=pg_isready,client=[local] LOG:  disconnection: session time: 0:00:00.003 user=postgres database=postgres host=[local]
2025-08-07 10:34:40 GMT [264]: [1-1] user=[unknown],db=[unknown],app=[unknown],client=[local] LOG:  connection received: host=[local]
2025-08-07 10:34:40 GMT [264]: [2-1] user=postgres,db=postgres,app=[unknown],client=[local] LOG:  connection authenticated: identity="postgres" method=peer (/var/lib/postgresql/data/pg_hba.conf:7)
2025-08-07 10:34:40 GMT [264]: [3-1] user=postgres,db=postgres,app=[unknown],client=[local] LOG:  connection authorized: user=postgres database=postgres application_name=pg_isready
2025-08-07 10:34:40 GMT [264]: [4-1] user=postgres,db=postgres,app=pg_isready,client=[local] LOG:  disconnection: session time: 0:00:00.001 user=postgres database=postgres host=[local]
cp: cannot create regular file '/var/lib/postgresql/archive/000000010000000000000001': No such file or directory
2025-08-07 10:34:48 GMT [15]: [29-1] user=,db=,app=,client= LOG:  archive command failed with exit code 1
2025-08-07 10:34:48 GMT [15]: [30-1] user=,db=,app=,client= DETAIL:  The failed archive command was: test ! -f /var/lib/postgresql/archive/000000010000000000000001 && cp pg_wal/000000010000000000000001 /var/lib/postgresql/archive/000000010000000000000001
cp: cannot create regular file '/var/lib/postgresql/archive/000000010000000000000001': No such file or directory
2025-08-07 10:34:49 GMT [15]: [31-1] user=,db=,app=,client= LOG:  archive command failed with exit code 1
2025-08-07 10:34:49 GMT [15]: [32-1] user=,db=,app=,client= DETAIL:  The failed archive command was: test ! -f /var/lib/postgresql/archive/000000010000000000000001 && cp pg_wal/000000010000000000000001 /var/lib/postgresql/archive/000000010000000000000001
cp: cannot create regular file '/var/lib/postgresql/archive/000000010000000000000001': No such file or directory
2025-08-07 10:34:50 GMT [15]: [33-1] user=,db=,app=,client= LOG:  archive command failed with exit code 1
2025-08-07 10:34:50 GMT [15]: [34-1] user=,db=,app=,client= DETAIL:  The failed archive command was: test ! -f /var/lib/postgresql/archive/000000010000000000000001 && cp pg_wal/000000010000000000000001 /var/lib/postgresql/archive/000000010000000000000001
2025-08-07 10:34:50 GMT [15]: [35-1] user=,db=,app=,client= WARNING:  archiving write-ahead log file "000000010000000000000001" failed too many times, will try again later
2025-08-07 10:35:10 GMT [278]: [1-1] user=[unknown],db=[unknown],app=[unknown],client=[local] LOG:  connection received: host=[local]
2025-08-07 10:35:10 GMT [278]: [2-1] user=postgres,db=postgres,app=[unknown],client=[local] LOG:  connection authenticated: identity="postgres" method=peer (/var/lib/postgresql/data/pg_hba.conf:7)
2025-08-07 10:35:10 GMT [278]: [3-1] user=postgres,db=postgres,app=[unknown],client=[local] LOG:  connection authorized: user=postgres database=postgres application_name=pg_isready
2025-08-07 10:35:10 GMT [278]: [4-1] user=postgres,db=postgres,app=pg_isready,client=[local] LOG:  disconnection: session time: 0:00:00.001 user=postgres database=postgres host=[local]
