2025-08-07 11:14:25 GMT [9]: [3-1] user=,db=,app=,client= LOG:  starting PostgreSQL 17.5 (Debian 17.5-1.pgdg120+1) on aarch64-unknown-linux-gnu, compiled by gcc (Debian 12.2.0-14) 12.2.0, 64-bit
2025-08-07 11:14:25 GMT [9]: [4-1] user=,db=,app=,client= LOG:  listening on IPv4 address "0.0.0.0", port 5432
2025-08-07 11:14:25 GMT [9]: [5-1] user=,db=,app=,client= LOG:  listening on IPv6 address "::", port 5432
2025-08-07 11:14:25 GMT [9]: [6-1] user=,db=,app=,client= LOG:  listening on Unix socket "/var/run/postgresql/.s.PGSQL.5432"
2025-08-07 11:14:25 GMT [14]: [1-1] user=,db=,app=,client= LOG:  database system was interrupted while in recovery at log time 2025-08-07 08:18:41 GMT
2025-08-07 11:14:25 GMT [14]: [2-1] user=,db=,app=,client= HINT:  If this has occurred more than once some data might be corrupted and you might need to choose an earlier recovery target.
2025-08-07 11:14:25 GMT [14]: [3-1] user=,db=,app=,client= LOG:  entering standby mode
2025-08-07 11:14:25 GMT [14]: [4-1] user=,db=,app=,client= LOG:  redo starts at 0/3000028
2025-08-07 11:14:25 GMT [14]: [5-1] user=,db=,app=,client= LOG:  consistent recovery state reached at 0/3000158
2025-08-07 11:14:25 GMT [9]: [7-1] user=,db=,app=,client= LOG:  database system is ready to accept read-only connections
2025-08-07 11:14:25 GMT [14]: [6-1] user=,db=,app=,client= LOG:  invalid record length at 0/4011758: expected at least 24, got 0
2025-08-07 11:14:25 GMT [15]: [1-1] user=,db=,app=,client= LOG:  started streaming WAL from primary at 0/4000000 on timeline 1
2025-08-07 11:14:36 GMT [147]: [1-1] user=[unknown],db=[unknown],app=[unknown],client=172.20.0.11 LOG:  connection received: host=172.20.0.11 port=35594
2025-08-07 11:14:36 GMT [147]: [2-1] user=efm,db=postgres,app=[unknown],client=172.20.0.11 LOG:  connection authenticated: identity="efm" method=md5 (/var/lib/postgresql/data/pg_hba.conf:15)
2025-08-07 11:14:36 GMT [147]: [3-1] user=efm,db=postgres,app=[unknown],client=172.20.0.11 LOG:  connection authorized: user=efm database=postgres
2025-08-07 11:14:39 GMT [147]: [4-1] user=efm,db=postgres,app=efm-5.0,client=172.20.0.11 LOG:  disconnection: session time: 0:00:03.198 user=efm database=postgres host=172.20.0.11 port=35594
2025-08-07 11:14:40 GMT [197]: [1-1] user=[unknown],db=[unknown],app=[unknown],client=[local] LOG:  connection received: host=[local]
2025-08-07 11:14:40 GMT [197]: [2-1] user=postgres,db=postgres,app=[unknown],client=[local] LOG:  connection authenticated: identity="postgres" method=peer (/var/lib/postgresql/data/pg_hba.conf:7)
2025-08-07 11:14:40 GMT [197]: [3-1] user=postgres,db=postgres,app=[unknown],client=[local] LOG:  connection authorized: user=postgres database=postgres application_name=pg_isready
2025-08-07 11:14:40 GMT [197]: [4-1] user=postgres,db=postgres,app=pg_isready,client=[local] LOG:  disconnection: session time: 0:00:00.002 user=postgres database=postgres host=[local]
2025-08-07 11:15:10 GMT [206]: [1-1] user=[unknown],db=[unknown],app=[unknown],client=[local] LOG:  connection received: host=[local]
2025-08-07 11:15:10 GMT [206]: [2-1] user=postgres,db=postgres,app=[unknown],client=[local] LOG:  connection authenticated: identity="postgres" method=peer (/var/lib/postgresql/data/pg_hba.conf:7)
2025-08-07 11:15:10 GMT [206]: [3-1] user=postgres,db=postgres,app=[unknown],client=[local] LOG:  connection authorized: user=postgres database=postgres application_name=pg_isready
2025-08-07 11:15:10 GMT [206]: [4-1] user=postgres,db=postgres,app=pg_isready,client=[local] LOG:  disconnection: session time: 0:00:00.001 user=postgres database=postgres host=[local]
2025-08-07 11:15:40 GMT [215]: [1-1] user=[unknown],db=[unknown],app=[unknown],client=[local] LOG:  connection received: host=[local]
2025-08-07 11:15:40 GMT [215]: [2-1] user=postgres,db=postgres,app=[unknown],client=[local] LOG:  connection authenticated: identity="postgres" method=peer (/var/lib/postgresql/data/pg_hba.conf:7)
2025-08-07 11:15:40 GMT [215]: [3-1] user=postgres,db=postgres,app=[unknown],client=[local] LOG:  connection authorized: user=postgres database=postgres application_name=pg_isready
2025-08-07 11:15:40 GMT [215]: [4-1] user=postgres,db=postgres,app=pg_isready,client=[local] LOG:  disconnection: session time: 0:00:00.002 user=postgres database=postgres host=[local]
2025-08-07 11:16:10 GMT [223]: [1-1] user=[unknown],db=[unknown],app=[unknown],client=[local] LOG:  connection received: host=[local]
2025-08-07 11:16:10 GMT [223]: [2-1] user=postgres,db=postgres,app=[unknown],client=[local] LOG:  connection authenticated: identity="postgres" method=peer (/var/lib/postgresql/data/pg_hba.conf:7)
2025-08-07 11:16:10 GMT [223]: [3-1] user=postgres,db=postgres,app=[unknown],client=[local] LOG:  connection authorized: user=postgres database=postgres application_name=pg_isready
2025-08-07 11:16:10 GMT [223]: [4-1] user=postgres,db=postgres,app=pg_isready,client=[local] LOG:  disconnection: session time: 0:00:00.002 user=postgres database=postgres host=[local]
2025-08-07 11:16:40 GMT [231]: [1-1] user=[unknown],db=[unknown],app=[unknown],client=[local] LOG:  connection received: host=[local]
2025-08-07 11:16:40 GMT [231]: [2-1] user=postgres,db=postgres,app=[unknown],client=[local] LOG:  connection authenticated: identity="postgres" method=peer (/var/lib/postgresql/data/pg_hba.conf:7)
2025-08-07 11:16:40 GMT [231]: [3-1] user=postgres,db=postgres,app=[unknown],client=[local] LOG:  connection authorized: user=postgres database=postgres application_name=pg_isready
2025-08-07 11:16:40 GMT [231]: [4-1] user=postgres,db=postgres,app=pg_isready,client=[local] LOG:  disconnection: session time: 0:00:00.001 user=postgres database=postgres host=[local]
2025-08-07 11:17:10 GMT [238]: [1-1] user=[unknown],db=[unknown],app=[unknown],client=[local] LOG:  connection received: host=[local]
2025-08-07 11:17:10 GMT [238]: [2-1] user=postgres,db=postgres,app=[unknown],client=[local] LOG:  connection authenticated: identity="postgres" method=peer (/var/lib/postgresql/data/pg_hba.conf:7)
2025-08-07 11:17:10 GMT [238]: [3-1] user=postgres,db=postgres,app=[unknown],client=[local] LOG:  connection authorized: user=postgres database=postgres application_name=pg_isready
2025-08-07 11:17:10 GMT [238]: [4-1] user=postgres,db=postgres,app=pg_isready,client=[local] LOG:  disconnection: session time: 0:00:00.001 user=postgres database=postgres host=[local]
2025-08-07 11:17:40 GMT [246]: [1-1] user=[unknown],db=[unknown],app=[unknown],client=[local] LOG:  connection received: host=[local]
2025-08-07 11:17:40 GMT [246]: [2-1] user=postgres,db=postgres,app=[unknown],client=[local] LOG:  connection authenticated: identity="postgres" method=peer (/var/lib/postgresql/data/pg_hba.conf:7)
2025-08-07 11:17:40 GMT [246]: [3-1] user=postgres,db=postgres,app=[unknown],client=[local] LOG:  connection authorized: user=postgres database=postgres application_name=pg_isready
2025-08-07 11:17:40 GMT [246]: [4-1] user=postgres,db=postgres,app=pg_isready,client=[local] LOG:  disconnection: session time: 0:00:00.001 user=postgres database=postgres host=[local]
2025-08-07 11:18:11 GMT [254]: [1-1] user=[unknown],db=[unknown],app=[unknown],client=[local] LOG:  connection received: host=[local]
2025-08-07 11:18:11 GMT [254]: [2-1] user=postgres,db=postgres,app=[unknown],client=[local] LOG:  connection authenticated: identity="postgres" method=peer (/var/lib/postgresql/data/pg_hba.conf:7)
2025-08-07 11:18:11 GMT [254]: [3-1] user=postgres,db=postgres,app=[unknown],client=[local] LOG:  connection authorized: user=postgres database=postgres application_name=pg_isready
2025-08-07 11:18:11 GMT [254]: [4-1] user=postgres,db=postgres,app=pg_isready,client=[local] LOG:  disconnection: session time: 0:00:00.001 user=postgres database=postgres host=[local]
2025-08-07 11:18:41 GMT [262]: [1-1] user=[unknown],db=[unknown],app=[unknown],client=[local] LOG:  connection received: host=[local]
2025-08-07 11:18:41 GMT [262]: [2-1] user=postgres,db=postgres,app=[unknown],client=[local] LOG:  connection authenticated: identity="postgres" method=peer (/var/lib/postgresql/data/pg_hba.conf:7)
2025-08-07 11:18:41 GMT [262]: [3-1] user=postgres,db=postgres,app=[unknown],client=[local] LOG:  connection authorized: user=postgres database=postgres application_name=pg_isready
2025-08-07 11:18:41 GMT [262]: [4-1] user=postgres,db=postgres,app=pg_isready,client=[local] LOG:  disconnection: session time: 0:00:00.002 user=postgres database=postgres host=[local]
2025-08-07 11:19:11 GMT [270]: [1-1] user=[unknown],db=[unknown],app=[unknown],client=[local] LOG:  connection received: host=[local]
2025-08-07 11:19:11 GMT [270]: [2-1] user=postgres,db=postgres,app=[unknown],client=[local] LOG:  connection authenticated: identity="postgres" method=peer (/var/lib/postgresql/data/pg_hba.conf:7)
2025-08-07 11:19:11 GMT [270]: [3-1] user=postgres,db=postgres,app=[unknown],client=[local] LOG:  connection authorized: user=postgres database=postgres application_name=pg_isready
2025-08-07 11:19:11 GMT [270]: [4-1] user=postgres,db=postgres,app=pg_isready,client=[local] LOG:  disconnection: session time: 0:00:00.000 user=postgres database=postgres host=[local]
2025-08-07 11:19:17 GMT [367]: [1-1] user=[unknown],db=[unknown],app=[unknown],client=[local] LOG:  connection received: host=[local]
2025-08-07 11:19:17 GMT [367]: [2-1] user=postgres,db=postgres,app=[unknown],client=[local] LOG:  connection authenticated: identity="postgres" method=peer (/var/lib/postgresql/data/pg_hba.conf:7)
2025-08-07 11:19:17 GMT [367]: [3-1] user=postgres,db=postgres,app=[unknown],client=[local] LOG:  connection authorized: user=postgres database=postgres application_name=psql
2025-08-07 11:19:17 GMT [367]: [4-1] user=postgres,db=postgres,app=psql,client=[local] LOG:  disconnection: session time: 0:00:00.001 user=postgres database=postgres host=[local]
2025-08-07 11:19:17 GMT [374]: [1-1] user=[unknown],db=[unknown],app=[unknown],client=::1 LOG:  connection received: host=::1 port=41858
2025-08-07 11:19:17 GMT [381]: [1-1] user=[unknown],db=[unknown],app=[unknown],client=[local] LOG:  connection received: host=[local]
2025-08-07 11:19:17 GMT [381]: [2-1] user=postgres,db=postgres,app=[unknown],client=[local] LOG:  connection authenticated: identity="postgres" method=peer (/var/lib/postgresql/data/pg_hba.conf:7)
2025-08-07 11:19:17 GMT [381]: [3-1] user=postgres,db=postgres,app=[unknown],client=[local] LOG:  connection authorized: user=postgres database=postgres application_name=psql
2025-08-07 11:19:17 GMT [381]: [4-1] user=postgres,db=postgres,app=psql,client=[local] LOG:  disconnection: session time: 0:00:00.001 user=postgres database=postgres host=[local]
2025-08-07 11:19:17 GMT [388]: [1-1] user=[unknown],db=[unknown],app=[unknown],client=[local] LOG:  connection received: host=[local]
2025-08-07 11:19:17 GMT [388]: [2-1] user=postgres,db=testdb,app=[unknown],client=[local] LOG:  connection authenticated: identity="postgres" method=peer (/var/lib/postgresql/data/pg_hba.conf:7)
2025-08-07 11:19:17 GMT [388]: [3-1] user=postgres,db=testdb,app=[unknown],client=[local] LOG:  connection authorized: user=postgres database=testdb application_name=psql
2025-08-07 11:19:17 GMT [388]: [4-1] user=postgres,db=testdb,app=psql,client=[local] ERROR:  relation "test_replication" does not exist at character 37
2025-08-07 11:19:17 GMT [388]: [5-1] user=postgres,db=testdb,app=psql,client=[local] STATEMENT:  SELECT id, message, created_at FROM test_replication ORDER BY created_at DESC LIMIT 3;
2025-08-07 11:19:17 GMT [388]: [6-1] user=postgres,db=testdb,app=psql,client=[local] LOG:  disconnection: session time: 0:00:00.008 user=postgres database=testdb host=[local]
2025-08-07 11:19:25 GMT [12]: [1-1] user=,db=,app=,client= LOG:  restartpoint starting: time
2025-08-07 11:19:25 GMT [12]: [2-1] user=,db=,app=,client= LOG:  restartpoint complete: wrote 4 buffers (0.0%); 0 WAL file(s) added, 0 removed, 0 recycled; write=0.218 s, sync=0.007 s, total=0.248 s; sync files=3, longest=0.003 s, average=0.003 s; distance=16459 kB, estimate=16459 kB; lsn=0/4012EC8, redo lsn=0/4012E70
2025-08-07 11:19:25 GMT [12]: [3-1] user=,db=,app=,client= LOG:  recovery restart point at 0/4012E70
2025-08-07 11:19:25 GMT [12]: [4-1] user=,db=,app=,client= DETAIL:  Last completed transaction was at log time 2025-08-07 11:14:20.615578+00.
2025-08-07 11:19:41 GMT [396]: [1-1] user=[unknown],db=[unknown],app=[unknown],client=[local] LOG:  connection received: host=[local]
2025-08-07 11:19:41 GMT [396]: [2-1] user=postgres,db=postgres,app=[unknown],client=[local] LOG:  connection authenticated: identity="postgres" method=peer (/var/lib/postgresql/data/pg_hba.conf:7)
2025-08-07 11:19:41 GMT [396]: [3-1] user=postgres,db=postgres,app=[unknown],client=[local] LOG:  connection authorized: user=postgres database=postgres application_name=pg_isready
2025-08-07 11:19:41 GMT [396]: [4-1] user=postgres,db=postgres,app=pg_isready,client=[local] LOG:  disconnection: session time: 0:00:00.001 user=postgres database=postgres host=[local]
2025-08-07 11:20:11 GMT [404]: [1-1] user=[unknown],db=[unknown],app=[unknown],client=[local] LOG:  connection received: host=[local]
2025-08-07 11:20:11 GMT [404]: [2-1] user=postgres,db=postgres,app=[unknown],client=[local] LOG:  connection authenticated: identity="postgres" method=peer (/var/lib/postgresql/data/pg_hba.conf:7)
2025-08-07 11:20:11 GMT [404]: [3-1] user=postgres,db=postgres,app=[unknown],client=[local] LOG:  connection authorized: user=postgres database=postgres application_name=pg_isready
2025-08-07 11:20:11 GMT [404]: [4-1] user=postgres,db=postgres,app=pg_isready,client=[local] LOG:  disconnection: session time: 0:00:00.001 user=postgres database=postgres host=[local]
2025-08-07 11:20:41 GMT [412]: [1-1] user=[unknown],db=[unknown],app=[unknown],client=[local] LOG:  connection received: host=[local]
2025-08-07 11:20:41 GMT [412]: [2-1] user=postgres,db=postgres,app=[unknown],client=[local] LOG:  connection authenticated: identity="postgres" method=peer (/var/lib/postgresql/data/pg_hba.conf:7)
2025-08-07 11:20:41 GMT [412]: [3-1] user=postgres,db=postgres,app=[unknown],client=[local] LOG:  connection authorized: user=postgres database=postgres application_name=pg_isready
2025-08-07 11:20:41 GMT [412]: [4-1] user=postgres,db=postgres,app=pg_isready,client=[local] LOG:  disconnection: session time: 0:00:00.001 user=postgres database=postgres host=[local]
2025-08-07 11:21:11 GMT [420]: [1-1] user=[unknown],db=[unknown],app=[unknown],client=[local] LOG:  connection received: host=[local]
2025-08-07 11:21:11 GMT [420]: [2-1] user=postgres,db=postgres,app=[unknown],client=[local] LOG:  connection authenticated: identity="postgres" method=peer (/var/lib/postgresql/data/pg_hba.conf:7)
2025-08-07 11:21:11 GMT [420]: [3-1] user=postgres,db=postgres,app=[unknown],client=[local] LOG:  connection authorized: user=postgres database=postgres application_name=pg_isready
2025-08-07 11:21:11 GMT [420]: [4-1] user=postgres,db=postgres,app=pg_isready,client=[local] LOG:  disconnection: session time: 0:00:00.000 user=postgres database=postgres host=[local]
2025-08-07 11:21:41 GMT [428]: [1-1] user=[unknown],db=[unknown],app=[unknown],client=[local] LOG:  connection received: host=[local]
2025-08-07 11:21:41 GMT [428]: [2-1] user=postgres,db=postgres,app=[unknown],client=[local] LOG:  connection authenticated: identity="postgres" method=peer (/var/lib/postgresql/data/pg_hba.conf:7)
2025-08-07 11:21:41 GMT [428]: [3-1] user=postgres,db=postgres,app=[unknown],client=[local] LOG:  connection authorized: user=postgres database=postgres application_name=pg_isready
2025-08-07 11:21:41 GMT [428]: [4-1] user=postgres,db=postgres,app=pg_isready,client=[local] LOG:  disconnection: session time: 0:00:00.002 user=postgres database=postgres host=[local]
