2025-08-07 11:05:16 GMT [9]: [3-1] user=,db=,app=,client= LOG:  starting PostgreSQL 17.5 (Debian 17.5-1.pgdg120+1) on aarch64-unknown-linux-gnu, compiled by gcc (Debian 12.2.0-14) 12.2.0, 64-bit
2025-08-07 11:05:16 GMT [9]: [4-1] user=,db=,app=,client= LOG:  listening on IPv4 address "0.0.0.0", port 5432
2025-08-07 11:05:16 GMT [9]: [5-1] user=,db=,app=,client= LOG:  listening on IPv6 address "::", port 5432
2025-08-07 11:05:16 GMT [9]: [6-1] user=,db=,app=,client= LOG:  listening on Unix socket "/var/run/postgresql/.s.PGSQL.5432"
2025-08-07 11:05:16 GMT [14]: [1-1] user=,db=,app=,client= LOG:  database system was interrupted; last known up at 2025-08-07 08:18:41 GMT
2025-08-07 11:05:16 GMT [14]: [2-1] user=,db=,app=,client= LOG:  starting backup recovery with redo LSN 0/3000028, checkpoint LSN 0/30000B8, on timeline ID 1
2025-08-07 11:05:16 GMT [14]: [3-1] user=,db=,app=,client= LOG:  entering standby mode
2025-08-07 11:05:16 GMT [14]: [4-1] user=,db=,app=,client= LOG:  redo starts at 0/3000028
2025-08-07 11:05:16 GMT [14]: [5-1] user=,db=,app=,client= LOG:  completed backup recovery with redo LSN 0/3000028 and end LSN 0/3000158
2025-08-07 11:05:16 GMT [14]: [6-1] user=,db=,app=,client= LOG:  consistent recovery state reached at 0/3000158
2025-08-07 11:05:16 GMT [9]: [7-1] user=,db=,app=,client= LOG:  database system is ready to accept read-only connections
2025-08-07 11:05:16 GMT [15]: [1-1] user=,db=,app=,client= LOG:  started streaming WAL from primary at 0/4000000 on timeline 1
2025-08-07 11:05:26 GMT [147]: [1-1] user=[unknown],db=[unknown],app=[unknown],client=172.20.0.11 LOG:  connection received: host=172.20.0.11 port=43592
2025-08-07 11:05:26 GMT [147]: [2-1] user=efm,db=postgres,app=[unknown],client=172.20.0.11 LOG:  connection authenticated: identity="efm" method=md5 (/var/lib/postgresql/data/pg_hba.conf:15)
2025-08-07 11:05:26 GMT [147]: [3-1] user=efm,db=postgres,app=[unknown],client=172.20.0.11 LOG:  connection authorized: user=efm database=postgres
2025-08-07 11:05:27 GMT [147]: [4-1] user=efm,db=postgres,app=efm-5.0,client=172.20.0.11 LOG:  disconnection: session time: 0:00:00.111 user=efm database=postgres host=172.20.0.11 port=43592
2025-08-07 11:05:31 GMT [171]: [1-1] user=[unknown],db=[unknown],app=[unknown],client=[local] LOG:  connection received: host=[local]
2025-08-07 11:05:31 GMT [171]: [2-1] user=postgres,db=postgres,app=[unknown],client=[local] LOG:  connection authenticated: identity="postgres" method=peer (/var/lib/postgresql/data/pg_hba.conf:7)
2025-08-07 11:05:31 GMT [171]: [3-1] user=postgres,db=postgres,app=[unknown],client=[local] LOG:  connection authorized: user=postgres database=postgres application_name=pg_isready
2025-08-07 11:05:31 GMT [171]: [4-1] user=postgres,db=postgres,app=pg_isready,client=[local] LOG:  disconnection: session time: 0:00:00.001 user=postgres database=postgres host=[local]
2025-08-07 11:06:01 GMT [179]: [1-1] user=[unknown],db=[unknown],app=[unknown],client=[local] LOG:  connection received: host=[local]
2025-08-07 11:06:01 GMT [179]: [2-1] user=postgres,db=postgres,app=[unknown],client=[local] LOG:  connection authenticated: identity="postgres" method=peer (/var/lib/postgresql/data/pg_hba.conf:7)
2025-08-07 11:06:01 GMT [179]: [3-1] user=postgres,db=postgres,app=[unknown],client=[local] LOG:  connection authorized: user=postgres database=postgres application_name=pg_isready
2025-08-07 11:06:01 GMT [179]: [4-1] user=postgres,db=postgres,app=pg_isready,client=[local] LOG:  disconnection: session time: 0:00:00.001 user=postgres database=postgres host=[local]
2025-08-07 11:06:31 GMT [187]: [1-1] user=[unknown],db=[unknown],app=[unknown],client=[local] LOG:  connection received: host=[local]
2025-08-07 11:06:31 GMT [187]: [2-1] user=postgres,db=postgres,app=[unknown],client=[local] LOG:  connection authenticated: identity="postgres" method=peer (/var/lib/postgresql/data/pg_hba.conf:7)
2025-08-07 11:06:31 GMT [187]: [3-1] user=postgres,db=postgres,app=[unknown],client=[local] LOG:  connection authorized: user=postgres database=postgres application_name=pg_isready
2025-08-07 11:06:31 GMT [187]: [4-1] user=postgres,db=postgres,app=pg_isready,client=[local] LOG:  disconnection: session time: 0:00:00.001 user=postgres database=postgres host=[local]
2025-08-07 11:07:01 GMT [195]: [1-1] user=[unknown],db=[unknown],app=[unknown],client=[local] LOG:  connection received: host=[local]
2025-08-07 11:07:01 GMT [195]: [2-1] user=postgres,db=postgres,app=[unknown],client=[local] LOG:  connection authenticated: identity="postgres" method=peer (/var/lib/postgresql/data/pg_hba.conf:7)
2025-08-07 11:07:01 GMT [195]: [3-1] user=postgres,db=postgres,app=[unknown],client=[local] LOG:  connection authorized: user=postgres database=postgres application_name=pg_isready
2025-08-07 11:07:01 GMT [195]: [4-1] user=postgres,db=postgres,app=pg_isready,client=[local] LOG:  disconnection: session time: 0:00:00.001 user=postgres database=postgres host=[local]
2025-08-07 11:07:31 GMT [203]: [1-1] user=[unknown],db=[unknown],app=[unknown],client=[local] LOG:  connection received: host=[local]
2025-08-07 11:07:31 GMT [203]: [2-1] user=postgres,db=postgres,app=[unknown],client=[local] LOG:  connection authenticated: identity="postgres" method=peer (/var/lib/postgresql/data/pg_hba.conf:7)
2025-08-07 11:07:31 GMT [203]: [3-1] user=postgres,db=postgres,app=[unknown],client=[local] LOG:  connection authorized: user=postgres database=postgres application_name=pg_isready
2025-08-07 11:07:31 GMT [203]: [4-1] user=postgres,db=postgres,app=pg_isready,client=[local] LOG:  disconnection: session time: 0:00:00.000 user=postgres database=postgres host=[local]
2025-08-07 11:08:01 GMT [211]: [1-1] user=[unknown],db=[unknown],app=[unknown],client=[local] LOG:  connection received: host=[local]
2025-08-07 11:08:01 GMT [211]: [2-1] user=postgres,db=postgres,app=[unknown],client=[local] LOG:  connection authenticated: identity="postgres" method=peer (/var/lib/postgresql/data/pg_hba.conf:7)
2025-08-07 11:08:01 GMT [211]: [3-1] user=postgres,db=postgres,app=[unknown],client=[local] LOG:  connection authorized: user=postgres database=postgres application_name=pg_isready
2025-08-07 11:08:01 GMT [211]: [4-1] user=postgres,db=postgres,app=pg_isready,client=[local] LOG:  disconnection: session time: 0:00:00.001 user=postgres database=postgres host=[local]
